# JRE version: OpenJDK Runtime Environment Temurin-21.0.10+7 (21.0.10+7) (build 21.0.10+7-LTS)
# Java VM: OpenJDK 64-Bit Server VM Temurin-21.0.10+7 (21.0.10+7-LTS, mixed mode, sharing, tiered, compressed oops, compressed class ptrs, g1 gc, windows-amd64)
GC Precious Log:
 CardTable entry size: 512
 Card Set container configuration: InlinePtr #cards 4 size 8 Array Of Cards #cards 32 size 80 Howl #buckets 8 coarsen threshold 7372 Howl Bitmap #cards 1024 size 144 coarsen threshold 921 Card regions per heap region 1 cards per card region 8192
 CPUs: 4 total, 4 available
 Memory: 6082M
 Large Page Support: Disabled
 NUMA Support: Disabled
 Compressed Oops: Enabled (Zero based)
 Heap Region Size: 4M
 Heap Min Capacity: 8M
 Heap Initial Capacity: 96M
 Heap Max Capacity: 8G
 Pre-touch: Disabled
 Parallel Workers: 4
 Concurrent Workers: 1
 Concurrent Refinement Workers: 4
 Periodic GC: Disabled
Heap:
 garbage-first heap   total 212992K, used 130268K [0x0000000600000000, 0x0000000800000000)
  region size 4096K, 4 young (16384K), 2 survivors (8192K)
 Metaspace       used 106040K, committed 108480K, reserved 1179648K
  class space    used 15169K, committed 16384K, reserved 1048576K
GC Heap History (20 events):
Event: 128.544 GC heap before
{Heap before GC invocations=32 (full 0):
 garbage-first heap   total 143360K, used 120977K [0x0000000600000000, 0x0000000800000000)
  region size 4096K, 12 young (49152K), 2 survivors (8192K)
 Metaspace       used 77800K, committed 80000K, reserved 1179648K
  class space    used 11352K, committed 12480K, reserved 1048576K
}
Event: 128.553 GC heap after
{Heap after GC invocations=33 (full 0):
 garbage-first heap   total 143360K, used 85166K [0x0000000600000000, 0x0000000800000000)
  region size 4096K, 2 young (8192K), 2 survivors (8192K)
 Metaspace       used 77800K, committed 80000K, reserved 1179648K
  class space    used 11352K, committed 12480K, reserved 1048576K
}
Event: 129.426 GC heap before
{Heap before GC invocations=34 (full 0):
 garbage-first heap   total 151552K, used 122030K [0x0000000600000000, 0x0000000800000000)
  region size 4096K, 12 young (49152K), 2 survivors (8192K)
 Metaspace       used 78017K, committed 80192K, reserved 1179648K
  class space    used 11383K, committed 12480K, reserved 1048576K
}
Event: 129.436 GC heap after
{Heap after GC invocations=35 (full 0):
 garbage-first heap   total 151552K, used 97279K [0x0000000600000000, 0x0000000800000000)
  region size 4096K, 2 young (8192K), 2 survivors (8192K)
 Metaspace       used 78017K, committed 80192K, reserved 1179648K
  class space    used 11383K, committed 12480K, reserved 1048576K
}
Event: 130.314 GC heap before
{Heap before GC invocations=35 (full 0):
 garbage-first heap   total 151552K, used 125951K [0x0000000600000000, 0x0000000800000000)
  region size 4096K, 10 young (40960K), 2 survivors (8192K)
 Metaspace       used 79661K, committed 81920K, reserved 1179648K
  class space    used 11596K, committed 12736K, reserved 1048576K
}
Event: 130.333 GC heap after
{Heap after GC invocations=36 (full 0):
 garbage-first heap   total 151552K, used 103636K [0x0000000600000000, 0x0000000800000000)
  region size 4096K, 2 young (8192K), 2 survivors (8192K)
 Metaspace       used 79661K, committed 81920K, reserved 1179648K
  class space    used 11596K, committed 12736K, reserved 1048576K
}
Event: 131.125 GC heap before
{Heap before GC invocations=36 (full 0):
 garbage-first heap   total 151552K, used 124116K [0x0000000600000000, 0x0000000800000000)
  region size 4096K, 8 young (32768K), 2 survivors (8192K)
 Metaspace       used 81957K, committed 84224K, reserved 1179648K
  class space    used 11846K, committed 12992K, reserved 1048576K
}
Event: 131.133 GC heap after
{Heap after GC invocations=37 (full 0):
 garbage-first heap   total 184320K, used 104828K [0x0000000600000000, 0x0000000800000000)
  region size 4096K, 1 young (4096K), 1 survivors (4096K)
 Metaspace       used 81957K, committed 84224K, reserved 1179648K
  class space    used 11846K, committed 12992K, reserved 1048576K
}
Event: 133.141 GC heap before
{Heap before GC invocations=38 (full 0):
 garbage-first heap   total 184320K, used 153980K [0x0000000600000000, 0x0000000800000000)
  region size 4096K, 14 young (57344K), 1 survivors (4096K)
 Metaspace       used 85746K, committed 88064K, reserved 1179648K
  class space    used 12326K, committed 13504K, reserved 1048576K
}
Event: 133.151 GC heap after
{Heap after GC invocations=39 (full 0):
 garbage-first heap   total 184320K, used 109898K [0x0000000600000000, 0x0000000800000000)
  region size 4096K, 2 young (8192K), 2 survivors (8192K)
 Metaspace       used 85746K, committed 88064K, reserved 1179648K
  class space    used 12326K, committed 13504K, reserved 1048576K
}
Event: 134.619 GC heap before
{Heap before GC invocations=39 (full 0):
 garbage-first heap   total 184320K, used 159050K [0x0000000600000000, 0x0000000800000000)
  region size 4096K, 14 young (57344K), 2 survivors (8192K)
 Metaspace       used 89132K, committed 91392K, reserved 1179648K
  class space    used 12756K, committed 13888K, reserved 1048576K
}
Event: 134.635 GC heap after
{Heap after GC invocations=40 (full 0):
 garbage-first heap   total 184320K, used 111654K [0x0000000600000000, 0x0000000800000000)
  region size 4096K, 1 young (4096K), 1 survivors (4096K)
 Metaspace       used 89132K, committed 91392K, reserved 1179648K
  class space    used 12756K, committed 13888K, reserved 1048576K
}
Event: 135.915 GC heap before
{Heap before GC invocations=40 (full 0):
 garbage-first heap   total 184320K, used 156710K [0x0000000600000000, 0x0000000800000000)
  region size 4096K, 13 young (53248K), 1 survivors (4096K)
 Metaspace       used 92584K, committed 94848K, reserved 1179648K
  class space    used 13149K, committed 14272K, reserved 1048576K
}
Event: 135.932 GC heap after
{Heap after GC invocations=41 (full 0):
 garbage-first heap   total 184320K, used 114315K [0x0000000600000000, 0x0000000800000000)
  region size 4096K, 2 young (8192K), 2 survivors (8192K)
 Metaspace       used 92584K, committed 94848K, reserved 1179648K
  class space    used 13149K, committed 14272K, reserved 1048576K
}
Event: 137.889 GC heap before
{Heap before GC invocations=42 (full 0):
 garbage-first heap   total 200704K, used 163467K [0x0000000600000000, 0x0000000800000000)
  region size 4096K, 14 young (57344K), 2 survivors (8192K)
 Metaspace       used 95816K, committed 98176K, reserved 1179648K
  class space    used 13610K, committed 14784K, reserved 1048576K
}
Event: 137.922 GC heap after
{Heap after GC invocations=43 (full 0):
 garbage-first heap   total 200704K, used 117421K [0x0000000600000000, 0x0000000800000000)
  region size 4096K, 2 young (8192K), 2 survivors (8192K)
 Metaspace       used 95816K, committed 98176K, reserved 1179648K
  class space    used 13610K, committed 14784K, reserved 1048576K
}
Event: 143.453 GC heap before
{Heap before GC invocations=43 (full 0):
 garbage-first heap   total 200704K, used 174765K [0x0000000600000000, 0x0000000800000000)
  region size 4096K, 17 young (69632K), 2 survivors (8192K)
 Metaspace       used 97832K, committed 100160K, reserved 1179648K
  class space    used 13882K, committed 15040K, reserved 1048576K
}
Event: 143.488 GC heap after
{Heap after GC invocations=44 (full 0):
 garbage-first heap   total 200704K, used 121531K [0x0000000600000000, 0x0000000800000000)
  region size 4096K, 3 young (12288K), 3 survivors (12288K)
 Metaspace       used 97832K, committed 100160K, reserved 1179648K
  class space    used 13882K, committed 15040K, reserved 1048576K
}
Event: 148.150 GC heap before
{Heap before GC invocations=44 (full 0):
 garbage-first heap   total 200704K, used 174779K [0x0000000600000000, 0x0000000800000000)
  region size 4096K, 17 young (69632K), 3 survivors (12288K)
 Metaspace       used 102132K, committed 104512K, reserved 1179648K
  class space    used 14611K, committed 15808K, reserved 1048576K
}
Event: 148.166 GC heap after
{Heap after GC invocations=45 (full 0):
 garbage-first heap   total 200704K, used 123333K [0x0000000600000000, 0x0000000800000000)
  region size 4096K, 2 young (8192K), 2 survivors (8192K)
 Metaspace       used 102132K, committed 104512K, reserved 1179648K
  class space    used 14611K, committed 15808K, reserved 1048576K
}

