# JRE version: Java(TM) SE Runtime Environment (17.0.12+8) (build 17.0.12+8-LTS-286)
# Java VM: Java HotSpot(TM) 64-Bit Server VM (17.0.12+8-LTS-286, mixed mode, sharing, tiered, compressed oops, compressed class ptrs, g1 gc, windows-amd64)
GC Precious Log:
 CPUs: 4 total, 4 available
 Memory: 6082M
 Large Page Support: Disabled
 NUMA Support: Disabled
 Compressed Oops: Enabled (Zero based)
 Heap Region Size: 4M
 Heap Min Capacity: 8M
 Heap Initial Capacity: 96M
 Heap Max Capacity: 8G
 Pre-touch: Disabled
 Parallel Workers: 4
 Concurrent Workers: 1
 Concurrent Refinement Workers: 4
 Periodic GC: Disabled
Heap:
 garbage-first heap   total 225280K, used 121474K [0x0000000600000000, 0x0000000800000000)
  region size 4096K, 1 young (4096K), 1 survivors (4096K)
 Metaspace       used 90482K, committed 91520K, reserved 1179648K
  class space    used 12544K, committed 13056K, reserved 1048576K
GC Heap History (20 events):
Event: 112.361 GC heap after
{Heap after GC invocations=42 (full 0):
 garbage-first heap   total 151552K, used 89076K [0x0000000600000000, 0x0000000800000000)
  region size 4096K, 2 young (8192K), 2 survivors (8192K)
 Metaspace       used 76714K, committed 77568K, reserved 1179648K
  class space    used 10820K, committed 11264K, reserved 1048576K
}
Event: 113.875 GC heap before
{Heap before GC invocations=43 (full 0):
 garbage-first heap   total 163840K, used 121844K [0x0000000600000000, 0x0000000800000000)
  region size 4096K, 10 young (40960K), 2 survivors (8192K)
 Metaspace       used 76822K, committed 77696K, reserved 1179648K
  class space    used 10823K, committed 11264K, reserved 1048576K
}
Event: 113.897 GC heap after
{Heap after GC invocations=44 (full 0):
 garbage-first heap   total 163840K, used 90808K [0x0000000600000000, 0x0000000800000000)
  region size 4096K, 1 young (4096K), 1 survivors (4096K)
 Metaspace       used 76822K, committed 77696K, reserved 1179648K
  class space    used 10823K, committed 11264K, reserved 1048576K
}
Event: 114.601 GC heap before
{Heap before GC invocations=44 (full 0):
 garbage-first heap   total 163840K, used 127672K [0x0000000600000000, 0x0000000800000000)
  region size 4096K, 10 young (40960K), 1 survivors (4096K)
 Metaspace       used 76873K, committed 77760K, reserved 1179648K
  class space    used 10823K, committed 11264K, reserved 1048576K
}
Event: 114.609 GC heap after
{Heap after GC invocations=45 (full 0):
 garbage-first heap   total 163840K, used 91412K [0x0000000600000000, 0x0000000800000000)
  region size 4096K, 2 young (8192K), 2 survivors (8192K)
 Metaspace       used 76873K, committed 77760K, reserved 1179648K
  class space    used 10823K, committed 11264K, reserved 1048576K
}
Event: 115.313 GC heap before
{Heap before GC invocations=46 (full 0):
 garbage-first heap   total 180224K, used 124180K [0x0000000600000000, 0x0000000800000000)
  region size 4096K, 11 young (45056K), 2 survivors (8192K)
 Metaspace       used 76880K, committed 77760K, reserved 1179648K
  class space    used 10824K, committed 11264K, reserved 1048576K
}
Event: 115.328 GC heap after
{Heap after GC invocations=47 (full 0):
 garbage-first heap   total 180224K, used 92287K [0x0000000600000000, 0x0000000800000000)
  region size 4096K, 2 young (8192K), 2 survivors (8192K)
 Metaspace       used 76880K, committed 77760K, reserved 1179648K
  class space    used 10824K, committed 11264K, reserved 1048576K
}
Event: 115.395 GC heap before
{Heap before GC invocations=47 (full 0):
 garbage-first heap   total 180224K, used 96383K [0x0000000600000000, 0x0000000800000000)
  region size 4096K, 3 young (12288K), 2 survivors (8192K)
 Metaspace       used 76880K, committed 77760K, reserved 1179648K
  class space    used 10824K, committed 11264K, reserved 1048576K
}
Event: 115.423 GC heap after
{Heap after GC invocations=48 (full 0):
 garbage-first heap   total 217088K, used 90448K [0x0000000600000000, 0x0000000800000000)
  region size 4096K, 1 young (4096K), 1 survivors (4096K)
 Metaspace       used 76880K, committed 77760K, reserved 1179648K
  class space    used 10824K, committed 11264K, reserved 1048576K
}
Event: 117.821 GC heap before
{Heap before GC invocations=48 (full 0):
 garbage-first heap   total 217088K, used 164176K [0x0000000600000000, 0x0000000800000000)
  region size 4096K, 20 young (81920K), 1 survivors (4096K)
 Metaspace       used 77091K, committed 77952K, reserved 1179648K
  class space    used 10846K, committed 11264K, reserved 1048576K
}
Event: 117.830 GC heap after
{Heap after GC invocations=49 (full 0):
 garbage-first heap   total 217088K, used 96918K [0x0000000600000000, 0x0000000800000000)
  region size 4096K, 3 young (12288K), 3 survivors (12288K)
 Metaspace       used 77091K, committed 77952K, reserved 1179648K
  class space    used 10846K, committed 11264K, reserved 1048576K
}
Event: 119.715 GC heap before
{Heap before GC invocations=49 (full 0):
 garbage-first heap   total 217088K, used 162454K [0x0000000600000000, 0x0000000800000000)
  region size 4096K, 20 young (81920K), 3 survivors (12288K)
 Metaspace       used 80249K, committed 81344K, reserved 1179648K
  class space    used 11225K, committed 11776K, reserved 1048576K
}
Event: 119.745 GC heap after
{Heap after GC invocations=50 (full 0):
 garbage-first heap   total 217088K, used 111711K [0x0000000600000000, 0x0000000800000000)
  region size 4096K, 3 young (12288K), 3 survivors (12288K)
 Metaspace       used 80249K, committed 81344K, reserved 1179648K
  class space    used 11225K, committed 11776K, reserved 1048576K
}
Event: 120.779 GC heap before
{Heap before GC invocations=50 (full 0):
 garbage-first heap   total 217088K, used 160863K [0x0000000600000000, 0x0000000800000000)
  region size 4096K, 16 young (65536K), 3 survivors (12288K)
 Metaspace       used 83186K, committed 84224K, reserved 1179648K
  class space    used 11588K, committed 12096K, reserved 1048576K
}
Event: 120.793 GC heap after
{Heap after GC invocations=51 (full 0):
 garbage-first heap   total 217088K, used 118057K [0x0000000600000000, 0x0000000800000000)
  region size 4096K, 2 young (8192K), 2 survivors (8192K)
 Metaspace       used 83186K, committed 84224K, reserved 1179648K
  class space    used 11588K, committed 12096K, reserved 1048576K
}
Event: 121.872 GC heap before
{Heap before GC invocations=52 (full 0):
 garbage-first heap   total 225280K, used 163113K [0x0000000600000000, 0x0000000800000000)
  region size 4096K, 14 young (57344K), 2 survivors (8192K)
 Metaspace       used 86608K, committed 87616K, reserved 1179648K
  class space    used 11994K, committed 12480K, reserved 1048576K
}
Event: 121.882 GC heap after
{Heap after GC invocations=53 (full 0):
 garbage-first heap   total 225280K, used 120117K [0x0000000600000000, 0x0000000800000000)
  region size 4096K, 1 young (4096K), 1 survivors (4096K)
 Metaspace       used 86608K, committed 87616K, reserved 1179648K
  class space    used 11994K, committed 12480K, reserved 1048576K
}
Event: 121.985 GC heap before
{Heap before GC invocations=53 (full 0):
 garbage-first heap   total 225280K, used 124213K [0x0000000600000000, 0x0000000800000000)
  region size 4096K, 2 young (8192K), 1 survivors (4096K)
 Metaspace       used 86810K, committed 87808K, reserved 1179648K
  class space    used 12041K, committed 12544K, reserved 1048576K
}
Event: 121.997 GC heap after
{Heap after GC invocations=54 (full 0):
 garbage-first heap   total 225280K, used 119139K [0x0000000600000000, 0x0000000800000000)
  region size 4096K, 1 young (4096K), 1 survivors (4096K)
 Metaspace       used 86810K, committed 87808K, reserved 1179648K
  class space    used 12041K, committed 12544K, reserved 1048576K
}
Event: 123.172 GC heap before
{Heap before GC invocations=54 (full 0):
 garbage-first heap   total 225280K, used 176483K [0x0000000600000000, 0x0000000800000000)
  region size 4096K, 15 young (61440K), 1 survivors (4096K)
 Metaspace       used 90482K, committed 91520K, reserved 1179648K
  class space    used 12544K, committed 13056K, reserved 1048576K
}

